
*** Running vivado
    with args -log cpu.vds -m64 -product Vivado -mode batch -messageDb vivado.pb -notrace -source cpu.tcl


****** Vivado v2019.1 (64-bit)
  **** SW Build 2552052 on Fri May 24 14:49:42 MDT 2019
  **** IP Build 2548770 on Fri May 24 18:01:18 MDT 2019
    ** Copyright 1986-2019 Xilinx, Inc. All Rights Reserved.

source cpu.tcl -notrace
Command: synth_design -top cpu -part xc7a35tcsg324-1
Starting synth_design
Attempting to get a license for feature 'Synthesis' and/or device 'xc7a35t'
INFO: [Common 17-349] Got license for feature 'Synthesis' and/or device 'xc7a35t'
INFO: [Device 21-403] Loading part xc7a35tcsg324-1
INFO: Launching helper process for spawning children vivado processes
INFO: Helper process launched with PID 17356 
WARNING: [Synth 8-2611] redeclaration of ansi port period1_npc is not allowed [F:/Grade3_1/cpu/cpu/project/cpuu/cpupro/cpupro.srcs/sources_1/new/IM.v:13]
WARNING: [Synth 8-2611] redeclaration of ansi port period1_command is not allowed [F:/Grade3_1/cpu/cpu/project/cpuu/cpupro/cpupro.srcs/sources_1/new/IM.v:14]
WARNING: [Synth 8-2301] loop variable declaration is not allowed in this mode of verilog [F:/Grade3_1/cpu/cpu/project/cpuu/cpupro/cpupro.srcs/sources_1/new/Regfile.v:20]
WARNING: [Synth 8-2611] redeclaration of ansi port data_in is not allowed [F:/Grade3_1/cpu/cpu/project/cpuu/cpupro/cpupro.srcs/sources_1/new/Register.v:13]
WARNING: [Synth 8-2611] redeclaration of ansi port data_out is not allowed [F:/Grade3_1/cpu/cpu/project/cpuu/cpupro/cpupro.srcs/sources_1/new/Register.v:14]
---------------------------------------------------------------------------------
Starting RTL Elaboration : Time (s): cpu = 00:00:02 ; elapsed = 00:00:02 . Memory (MB): peak = 797.207 ; gain = 181.676
---------------------------------------------------------------------------------
INFO: [Synth 8-6157] synthesizing module 'cpu' [F:/Grade3_1/cpu/cpu/project/cpuu/cpupro/cpupro.srcs/sources_1/new/cpu.v:11]
	Parameter MEM_NUM bound to: 33 - type: integer 
	Parameter MEM_DATA_NUM bound to: 127 - type: integer 
INFO: [Synth 8-6157] synthesizing module 'PC' [F:/Grade3_1/cpu/cpu/project/cpuu/cpupro/cpupro.srcs/sources_1/new/PC.v:4]
INFO: [Synth 8-6155] done synthesizing module 'PC' (1#1) [F:/Grade3_1/cpu/cpu/project/cpuu/cpupro/cpupro.srcs/sources_1/new/PC.v:4]
INFO: [Synth 8-6157] synthesizing module 'IM' [F:/Grade3_1/cpu/cpu/project/cpuu/cpupro/cpupro.srcs/sources_1/new/IM.v:8]
	Parameter MEM_NUM bound to: 33 - type: integer 
	Parameter IM_DATA_FILENAME bound to: im_data.mem - type: string 
INFO: [Synth 8-6155] done synthesizing module 'IM' (2#1) [F:/Grade3_1/cpu/cpu/project/cpuu/cpupro/cpupro.srcs/sources_1/new/IM.v:8]
INFO: [Synth 8-6157] synthesizing module 'Register' [F:/Grade3_1/cpu/cpu/project/cpuu/cpupro/cpupro.srcs/sources_1/new/Register.v:3]
	Parameter N bound to: 64 - type: integer 
INFO: [Synth 8-6155] done synthesizing module 'Register' (3#1) [F:/Grade3_1/cpu/cpu/project/cpuu/cpupro/cpupro.srcs/sources_1/new/Register.v:3]
INFO: [Synth 8-6157] synthesizing module 'Decode' [F:/Grade3_1/cpu/cpu/project/cpuu/cpupro/cpupro.srcs/sources_1/new/Decode.v:4]
INFO: [Synth 8-6155] done synthesizing module 'Decode' (4#1) [F:/Grade3_1/cpu/cpu/project/cpuu/cpupro/cpupro.srcs/sources_1/new/Decode.v:4]
INFO: [Synth 8-6157] synthesizing module 'Control' [F:/Grade3_1/cpu/cpu/project/cpuu/cpupro/cpupro.srcs/sources_1/new/Control.v:4]
INFO: [Synth 8-155] case statement is not full and has no default [F:/Grade3_1/cpu/cpu/project/cpuu/cpupro/cpupro.srcs/sources_1/new/Control.v:31]
INFO: [Synth 8-6155] done synthesizing module 'Control' (5#1) [F:/Grade3_1/cpu/cpu/project/cpuu/cpupro/cpupro.srcs/sources_1/new/Control.v:4]
INFO: [Synth 8-6157] synthesizing module 'Regfile' [F:/Grade3_1/cpu/cpu/project/cpuu/cpupro/cpupro.srcs/sources_1/new/Regfile.v:4]
INFO: [Synth 8-6155] done synthesizing module 'Regfile' (6#1) [F:/Grade3_1/cpu/cpu/project/cpuu/cpupro/cpupro.srcs/sources_1/new/Regfile.v:4]
INFO: [Synth 8-6157] synthesizing module 'Register__parameterized0' [F:/Grade3_1/cpu/cpu/project/cpuu/cpupro/cpupro.srcs/sources_1/new/Register.v:3]
	Parameter N bound to: 12 - type: integer 
INFO: [Synth 8-6155] done synthesizing module 'Register__parameterized0' (6#1) [F:/Grade3_1/cpu/cpu/project/cpuu/cpupro/cpupro.srcs/sources_1/new/Register.v:3]
INFO: [Synth 8-6157] synthesizing module 'Register__parameterized1' [F:/Grade3_1/cpu/cpu/project/cpuu/cpupro/cpupro.srcs/sources_1/new/Register.v:3]
	Parameter N bound to: 159 - type: integer 
INFO: [Synth 8-6155] done synthesizing module 'Register__parameterized1' (6#1) [F:/Grade3_1/cpu/cpu/project/cpuu/cpupro/cpupro.srcs/sources_1/new/Register.v:3]
INFO: [Synth 8-6157] synthesizing module 'EXE' [F:/Grade3_1/cpu/cpu/project/cpuu/cpupro/cpupro.srcs/sources_1/new/EXE.v:4]
INFO: [Synth 8-155] case statement is not full and has no default [F:/Grade3_1/cpu/cpu/project/cpuu/cpupro/cpupro.srcs/sources_1/new/EXE.v:11]
INFO: [Synth 8-6155] done synthesizing module 'EXE' (7#1) [F:/Grade3_1/cpu/cpu/project/cpuu/cpupro/cpupro.srcs/sources_1/new/EXE.v:4]
INFO: [Synth 8-6157] synthesizing module 'Register__parameterized2' [F:/Grade3_1/cpu/cpu/project/cpuu/cpupro/cpupro.srcs/sources_1/new/Register.v:3]
	Parameter N bound to: 146 - type: integer 
INFO: [Synth 8-6155] done synthesizing module 'Register__parameterized2' (7#1) [F:/Grade3_1/cpu/cpu/project/cpuu/cpupro/cpupro.srcs/sources_1/new/Register.v:3]
INFO: [Synth 8-6157] synthesizing module 'Memory' [F:/Grade3_1/cpu/cpu/project/cpuu/cpupro/cpupro.srcs/sources_1/new/Memory.v:4]
	Parameter MEM_NUM bound to: 127 - type: integer 
INFO: [Synth 8-6155] done synthesizing module 'Memory' (8#1) [F:/Grade3_1/cpu/cpu/project/cpuu/cpupro/cpupro.srcs/sources_1/new/Memory.v:4]
INFO: [Synth 8-6157] synthesizing module 'led_top' [F:/Grade3_1/cpu/cpu/project/cpuu/cpupro/cpupro.srcs/sources_1/new/led_top.v:1]
	Parameter _0 bound to: 8'b00111111 
	Parameter _1 bound to: 8'b00000110 
	Parameter _2 bound to: 8'b01011011 
	Parameter _3 bound to: 8'b01001111 
	Parameter _4 bound to: 8'b01100110 
	Parameter _5 bound to: 8'b01101101 
	Parameter _6 bound to: 8'b01111101 
	Parameter _7 bound to: 8'b00000111 
	Parameter _8 bound to: 8'b01111111 
	Parameter _9 bound to: 8'b01101111 
	Parameter _a bound to: 8'b01110111 
	Parameter _b bound to: 8'b01111100 
	Parameter _c bound to: 8'b00111001 
	Parameter _d bound to: 8'b01011110 
	Parameter _e bound to: 8'b01111001 
	Parameter _f bound to: 8'b01110001 
	Parameter _err bound to: 8'b00110000 
	Parameter N bound to: 18 - type: integer 
INFO: [Synth 8-226] default block is never used [F:/Grade3_1/cpu/cpu/project/cpuu/cpupro/cpupro.srcs/sources_1/new/led_top.v:43]
INFO: [Synth 8-226] default block is never used [F:/Grade3_1/cpu/cpu/project/cpuu/cpupro/cpupro.srcs/sources_1/new/led_top.v:68]
INFO: [Synth 8-6155] done synthesizing module 'led_top' (9#1) [F:/Grade3_1/cpu/cpu/project/cpuu/cpupro/cpupro.srcs/sources_1/new/led_top.v:1]
INFO: [Synth 8-155] case statement is not full and has no default [F:/Grade3_1/cpu/cpu/project/cpuu/cpupro/cpupro.srcs/sources_1/new/cpu.v:242]
INFO: [Synth 8-155] case statement is not full and has no default [F:/Grade3_1/cpu/cpu/project/cpuu/cpupro/cpupro.srcs/sources_1/new/cpu.v:234]
INFO: [Synth 8-6157] synthesizing module 'Register__parameterized3' [F:/Grade3_1/cpu/cpu/project/cpuu/cpupro/cpupro.srcs/sources_1/new/Register.v:3]
	Parameter N bound to: 71 - type: integer 
INFO: [Synth 8-6155] done synthesizing module 'Register__parameterized3' (9#1) [F:/Grade3_1/cpu/cpu/project/cpuu/cpupro/cpupro.srcs/sources_1/new/Register.v:3]
WARNING: [Synth 8-3848] Net rst in module/entity cpu does not have driver. [F:/Grade3_1/cpu/cpu/project/cpuu/cpupro/cpupro.srcs/sources_1/new/cpu.v:215]
INFO: [Synth 8-6155] done synthesizing module 'cpu' (10#1) [F:/Grade3_1/cpu/cpu/project/cpuu/cpupro/cpupro.srcs/sources_1/new/cpu.v:11]
WARNING: [Synth 8-3331] design Memory has unconnected port period4_exe_result[31]
WARNING: [Synth 8-3331] design Memory has unconnected port period4_exe_result[30]
WARNING: [Synth 8-3331] design Memory has unconnected port period4_exe_result[29]
WARNING: [Synth 8-3331] design Memory has unconnected port period4_exe_result[28]
WARNING: [Synth 8-3331] design Memory has unconnected port period4_exe_result[27]
WARNING: [Synth 8-3331] design Memory has unconnected port period4_exe_result[26]
WARNING: [Synth 8-3331] design Memory has unconnected port period4_exe_result[25]
WARNING: [Synth 8-3331] design Memory has unconnected port period4_exe_result[24]
WARNING: [Synth 8-3331] design Memory has unconnected port period4_exe_result[23]
WARNING: [Synth 8-3331] design Memory has unconnected port period4_exe_result[22]
WARNING: [Synth 8-3331] design Memory has unconnected port period4_exe_result[21]
WARNING: [Synth 8-3331] design Memory has unconnected port period4_exe_result[20]
WARNING: [Synth 8-3331] design Memory has unconnected port period4_exe_result[19]
WARNING: [Synth 8-3331] design Memory has unconnected port period4_exe_result[18]
WARNING: [Synth 8-3331] design Memory has unconnected port period4_exe_result[17]
WARNING: [Synth 8-3331] design Memory has unconnected port period4_exe_result[16]
WARNING: [Synth 8-3331] design Memory has unconnected port period4_exe_result[15]
WARNING: [Synth 8-3331] design Memory has unconnected port period4_exe_result[14]
WARNING: [Synth 8-3331] design Memory has unconnected port period4_exe_result[13]
WARNING: [Synth 8-3331] design Memory has unconnected port period4_exe_result[12]
WARNING: [Synth 8-3331] design Memory has unconnected port period4_exe_result[11]
WARNING: [Synth 8-3331] design Memory has unconnected port period4_exe_result[10]
WARNING: [Synth 8-3331] design Memory has unconnected port period4_exe_result[9]
WARNING: [Synth 8-3331] design Control has unconnected port period2_imm[15]
WARNING: [Synth 8-3331] design Control has unconnected port period2_imm[14]
WARNING: [Synth 8-3331] design Control has unconnected port period2_imm[13]
WARNING: [Synth 8-3331] design Control has unconnected port period2_imm[12]
WARNING: [Synth 8-3331] design Control has unconnected port period2_imm[11]
WARNING: [Synth 8-3331] design Control has unconnected port period2_imm[10]
WARNING: [Synth 8-3331] design Control has unconnected port period2_imm[9]
WARNING: [Synth 8-3331] design Control has unconnected port period2_imm[8]
WARNING: [Synth 8-3331] design Control has unconnected port period2_imm[7]
WARNING: [Synth 8-3331] design Control has unconnected port period2_imm[6]
WARNING: [Synth 8-3331] design Control has unconnected port period2_imm[5]
WARNING: [Synth 8-3331] design Control has unconnected port period2_imm[4]
WARNING: [Synth 8-3331] design Control has unconnected port period2_imm[3]
WARNING: [Synth 8-3331] design Control has unconnected port period2_imm[2]
WARNING: [Synth 8-3331] design Control has unconnected port period2_imm[1]
WARNING: [Synth 8-3331] design Control has unconnected port period2_imm[0]
WARNING: [Synth 8-3331] design Decode has unconnected port period2_npc[27]
WARNING: [Synth 8-3331] design Decode has unconnected port period2_npc[26]
WARNING: [Synth 8-3331] design Decode has unconnected port period2_npc[25]
WARNING: [Synth 8-3331] design Decode has unconnected port period2_npc[24]
WARNING: [Synth 8-3331] design Decode has unconnected port period2_npc[23]
WARNING: [Synth 8-3331] design Decode has unconnected port period2_npc[22]
WARNING: [Synth 8-3331] design Decode has unconnected port period2_npc[21]
WARNING: [Synth 8-3331] design Decode has unconnected port period2_npc[20]
WARNING: [Synth 8-3331] design Decode has unconnected port period2_npc[19]
WARNING: [Synth 8-3331] design Decode has unconnected port period2_npc[18]
WARNING: [Synth 8-3331] design Decode has unconnected port period2_npc[17]
WARNING: [Synth 8-3331] design Decode has unconnected port period2_npc[16]
WARNING: [Synth 8-3331] design Decode has unconnected port period2_npc[15]
WARNING: [Synth 8-3331] design Decode has unconnected port period2_npc[14]
WARNING: [Synth 8-3331] design Decode has unconnected port period2_npc[13]
WARNING: [Synth 8-3331] design Decode has unconnected port period2_npc[12]
WARNING: [Synth 8-3331] design Decode has unconnected port period2_npc[11]
WARNING: [Synth 8-3331] design Decode has unconnected port period2_npc[10]
WARNING: [Synth 8-3331] design Decode has unconnected port period2_npc[9]
WARNING: [Synth 8-3331] design Decode has unconnected port period2_npc[8]
WARNING: [Synth 8-3331] design Decode has unconnected port period2_npc[7]
WARNING: [Synth 8-3331] design Decode has unconnected port period2_npc[6]
WARNING: [Synth 8-3331] design Decode has unconnected port period2_npc[5]
WARNING: [Synth 8-3331] design Decode has unconnected port period2_npc[4]
WARNING: [Synth 8-3331] design Decode has unconnected port period2_npc[3]
WARNING: [Synth 8-3331] design Decode has unconnected port period2_npc[2]
WARNING: [Synth 8-3331] design Decode has unconnected port period2_npc[1]
WARNING: [Synth 8-3331] design Decode has unconnected port period2_npc[0]
WARNING: [Synth 8-3331] design IM has unconnected port clk
WARNING: [Synth 8-3331] design IM has unconnected port period1_npc[31]
WARNING: [Synth 8-3331] design IM has unconnected port period1_npc[30]
WARNING: [Synth 8-3331] design IM has unconnected port period1_npc[29]
WARNING: [Synth 8-3331] design IM has unconnected port period1_npc[28]
WARNING: [Synth 8-3331] design IM has unconnected port period1_npc[27]
WARNING: [Synth 8-3331] design IM has unconnected port period1_npc[26]
WARNING: [Synth 8-3331] design IM has unconnected port period1_npc[25]
WARNING: [Synth 8-3331] design IM has unconnected port period1_npc[24]
WARNING: [Synth 8-3331] design IM has unconnected port period1_npc[23]
WARNING: [Synth 8-3331] design IM has unconnected port period1_npc[22]
WARNING: [Synth 8-3331] design IM has unconnected port period1_npc[21]
WARNING: [Synth 8-3331] design IM has unconnected port period1_npc[20]
WARNING: [Synth 8-3331] design IM has unconnected port period1_npc[19]
WARNING: [Synth 8-3331] design IM has unconnected port period1_npc[18]
WARNING: [Synth 8-3331] design IM has unconnected port period1_npc[17]
WARNING: [Synth 8-3331] design IM has unconnected port period1_npc[16]
WARNING: [Synth 8-3331] design IM has unconnected port period1_npc[15]
WARNING: [Synth 8-3331] design IM has unconnected port period1_npc[14]
WARNING: [Synth 8-3331] design IM has unconnected port period1_npc[13]
WARNING: [Synth 8-3331] design IM has unconnected port period1_npc[12]
WARNING: [Synth 8-3331] design IM has unconnected port period1_npc[11]
WARNING: [Synth 8-3331] design IM has unconnected port period1_npc[10]
WARNING: [Synth 8-3331] design IM has unconnected port period1_npc[9]
WARNING: [Synth 8-3331] design IM has unconnected port period1_npc[1]
WARNING: [Synth 8-3331] design IM has unconnected port period1_npc[0]
---------------------------------------------------------------------------------
Finished RTL Elaboration : Time (s): cpu = 00:00:03 ; elapsed = 00:00:03 . Memory (MB): peak = 839.348 ; gain = 223.816
---------------------------------------------------------------------------------

Report Check Netlist: 
+------+------------------+-------+---------+-------+------------------+
|      |Item              |Errors |Warnings |Status |Description       |
+------+------------------+-------+---------+-------+------------------+
|1     |multi_driven_nets |      0|        0|Passed |Multi driven nets |
+------+------------------+-------+---------+-------+------------------+
---------------------------------------------------------------------------------
Start Handling Custom Attributes
---------------------------------------------------------------------------------
---------------------------------------------------------------------------------
Finished Handling Custom Attributes : Time (s): cpu = 00:00:03 ; elapsed = 00:00:03 . Memory (MB): peak = 839.348 ; gain = 223.816
---------------------------------------------------------------------------------
---------------------------------------------------------------------------------
Finished RTL Optimization Phase 1 : Time (s): cpu = 00:00:03 ; elapsed = 00:00:03 . Memory (MB): peak = 839.348 ; gain = 223.816
---------------------------------------------------------------------------------
INFO: [Project 1-570] Preparing netlist for logic optimization

Processing XDC Constraints
Initializing timing engine
Parsing XDC File [F:/Grade3_1/cpu/cpu/project/cpuu/cpupro/cpupro.srcs/constrs_1/new/myEgo1.xdc]
WARNING: [Vivado 12-507] No nets matched 'clk_IBUF'. [F:/Grade3_1/cpu/cpu/project/cpuu/cpupro/cpupro.srcs/constrs_1/new/myEgo1.xdc:7]
CRITICAL WARNING: [Common 17-55] 'set_property' expects at least one object. [F:/Grade3_1/cpu/cpu/project/cpuu/cpupro/cpupro.srcs/constrs_1/new/myEgo1.xdc:7]
Resolution: If [get_<value>] was used to populate the object, check to make sure this command returns at least one valid object.
WARNING: [Vivado 12-584] No ports matched 'op[7]'. [F:/Grade3_1/cpu/cpu/project/cpuu/cpupro/cpupro.srcs/constrs_1/new/myEgo1.xdc:10]
CRITICAL WARNING: [Common 17-55] 'set_property' expects at least one object. [F:/Grade3_1/cpu/cpu/project/cpuu/cpupro/cpupro.srcs/constrs_1/new/myEgo1.xdc:10]
Resolution: If [get_<value>] was used to populate the object, check to make sure this command returns at least one valid object.
WARNING: [Vivado 12-584] No ports matched 'op[6]'. [F:/Grade3_1/cpu/cpu/project/cpuu/cpupro/cpupro.srcs/constrs_1/new/myEgo1.xdc:11]
CRITICAL WARNING: [Common 17-55] 'set_property' expects at least one object. [F:/Grade3_1/cpu/cpu/project/cpuu/cpupro/cpupro.srcs/constrs_1/new/myEgo1.xdc:11]
Resolution: If [get_<value>] was used to populate the object, check to make sure this command returns at least one valid object.
WARNING: [Vivado 12-584] No ports matched 'op[7]'. [F:/Grade3_1/cpu/cpu/project/cpuu/cpupro/cpupro.srcs/constrs_1/new/myEgo1.xdc:26]
CRITICAL WARNING: [Common 17-55] 'set_property' expects at least one object. [F:/Grade3_1/cpu/cpu/project/cpuu/cpupro/cpupro.srcs/constrs_1/new/myEgo1.xdc:26]
Resolution: If [get_<value>] was used to populate the object, check to make sure this command returns at least one valid object.
WARNING: [Vivado 12-584] No ports matched 'op[6]'. [F:/Grade3_1/cpu/cpu/project/cpuu/cpupro/cpupro.srcs/constrs_1/new/myEgo1.xdc:27]
CRITICAL WARNING: [Common 17-55] 'set_property' expects at least one object. [F:/Grade3_1/cpu/cpu/project/cpuu/cpupro/cpupro.srcs/constrs_1/new/myEgo1.xdc:27]
Resolution: If [get_<value>] was used to populate the object, check to make sure this command returns at least one valid object.
Finished Parsing XDC File [F:/Grade3_1/cpu/cpu/project/cpuu/cpupro/cpupro.srcs/constrs_1/new/myEgo1.xdc]
INFO: [Project 1-236] Implementation specific constraints were found while reading constraint file [F:/Grade3_1/cpu/cpu/project/cpuu/cpupro/cpupro.srcs/constrs_1/new/myEgo1.xdc]. These constraints will be ignored for synthesis but will be used in implementation. Impacted constraints are listed in the file [.Xil/cpu_propImpl.xdc].
Resolution: To avoid this warning, move constraints listed in [.Xil/cpu_propImpl.xdc] to another XDC file and exclude this new file from synthesis with the used_in_synthesis property (File Properties dialog in GUI) and re-run elaboration/synthesis.
Completed Processing XDC Constraints

Netlist sorting complete. Time (s): cpu = 00:00:00 ; elapsed = 00:00:00 . Memory (MB): peak = 982.582 ; gain = 0.000
INFO: [Project 1-111] Unisim Transformation Summary:
No Unisim elements were transformed.

Constraint Validation Runtime : Time (s): cpu = 00:00:00 ; elapsed = 00:00:00.007 . Memory (MB): peak = 982.582 ; gain = 0.000
---------------------------------------------------------------------------------
Finished Constraint Validation : Time (s): cpu = 00:00:07 ; elapsed = 00:00:07 . Memory (MB): peak = 982.582 ; gain = 367.051
---------------------------------------------------------------------------------
---------------------------------------------------------------------------------
Start Loading Part and Timing Information
---------------------------------------------------------------------------------
Loading part: xc7a35tcsg324-1
---------------------------------------------------------------------------------
Finished Loading Part and Timing Information : Time (s): cpu = 00:00:07 ; elapsed = 00:00:07 . Memory (MB): peak = 982.582 ; gain = 367.051
---------------------------------------------------------------------------------
---------------------------------------------------------------------------------
Start Applying 'set_property' XDC Constraints
---------------------------------------------------------------------------------
---------------------------------------------------------------------------------
Finished applying 'set_property' XDC Constraints : Time (s): cpu = 00:00:07 ; elapsed = 00:00:07 . Memory (MB): peak = 982.582 ; gain = 367.051
---------------------------------------------------------------------------------
INFO: [Synth 8-5546] ROM "mem" won't be mapped to RAM because it is too sparse
INFO: [Synth 8-5546] ROM "period3_exe_result" won't be mapped to RAM because it is too sparse
WARNING: [Synth 8-327] inferring latch for variable 'period3_exe_result_reg' [F:/Grade3_1/cpu/cpu/project/cpuu/cpupro/cpupro.srcs/sources_1/new/EXE.v:13]
WARNING: [Synth 8-327] inferring latch for variable 'period4_rdata_reg' [F:/Grade3_1/cpu/cpu/project/cpuu/cpupro/cpupro.srcs/sources_1/new/Memory.v:53]
WARNING: [Synth 8-327] inferring latch for variable 'period3_rw_bits_reg' [F:/Grade3_1/cpu/cpu/project/cpuu/cpupro/cpupro.srcs/sources_1/new/cpu.v:186]
---------------------------------------------------------------------------------
Finished RTL Optimization Phase 2 : Time (s): cpu = 00:00:07 ; elapsed = 00:00:07 . Memory (MB): peak = 982.582 ; gain = 367.051
---------------------------------------------------------------------------------

Report RTL Partitions: 
+-+--------------+------------+----------+
| |RTL Partition |Replication |Instances |
+-+--------------+------------+----------+
+-+--------------+------------+----------+
---------------------------------------------------------------------------------
Start RTL Component Statistics 
---------------------------------------------------------------------------------
Detailed RTL Component Info : 
+---Adders : 
	   2 Input     32 Bit       Adders := 3     
	   3 Input     32 Bit       Adders := 1     
+---XORs : 
	   2 Input     32 Bit         XORs := 1     
+---Registers : 
	              159 Bit    Registers := 1     
	              146 Bit    Registers := 1     
	               71 Bit    Registers := 1     
	               64 Bit    Registers := 1     
	               32 Bit    Registers := 33    
	               12 Bit    Registers := 1     
+---RAMs : 
	               4K Bit         RAMs := 1     
+---Muxes : 
	   4 Input     32 Bit        Muxes := 1     
	  20 Input     32 Bit        Muxes := 2     
	   2 Input     32 Bit        Muxes := 10    
	   7 Input     32 Bit        Muxes := 1     
	   3 Input     32 Bit        Muxes := 5     
	   2 Input     16 Bit        Muxes := 1     
	   4 Input      8 Bit        Muxes := 1     
	   4 Input      5 Bit        Muxes := 1     
	  21 Input      5 Bit        Muxes := 1     
	   4 Input      4 Bit        Muxes := 2     
	   8 Input      2 Bit        Muxes := 1     
	   2 Input      2 Bit        Muxes := 2     
	   3 Input      2 Bit        Muxes := 4     
	   8 Input      1 Bit        Muxes := 6     
	   2 Input      1 Bit        Muxes := 33    
	  21 Input      1 Bit        Muxes := 1     
	   3 Input      1 Bit        Muxes := 1     
---------------------------------------------------------------------------------
Finished RTL Component Statistics 
---------------------------------------------------------------------------------
---------------------------------------------------------------------------------
Start RTL Hierarchical Component Statistics 
---------------------------------------------------------------------------------
Hierarchical RTL Component report 
Module cpu 
Detailed RTL Component Info : 
+---Adders : 
	   2 Input     32 Bit       Adders := 1     
+---Muxes : 
	   2 Input     32 Bit        Muxes := 4     
	   3 Input     32 Bit        Muxes := 3     
	   2 Input      2 Bit        Muxes := 2     
	   3 Input      2 Bit        Muxes := 4     
	   2 Input      1 Bit        Muxes := 1     
	   3 Input      1 Bit        Muxes := 1     
Module PC 
Detailed RTL Component Info : 
+---Adders : 
	   2 Input     32 Bit       Adders := 1     
+---Registers : 
	               32 Bit    Registers := 1     
+---Muxes : 
	   4 Input     32 Bit        Muxes := 1     
Module IM 
Detailed RTL Component Info : 
+---Muxes : 
	  20 Input     32 Bit        Muxes := 1     
	   2 Input     32 Bit        Muxes := 1     
Module Register 
Detailed RTL Component Info : 
+---Registers : 
	               64 Bit    Registers := 1     
Module Control 
Detailed RTL Component Info : 
+---Muxes : 
	   4 Input      5 Bit        Muxes := 1     
	   8 Input      2 Bit        Muxes := 1     
	   8 Input      1 Bit        Muxes := 6     
Module Regfile 
Detailed RTL Component Info : 
+---Registers : 
	               32 Bit    Registers := 32    
+---Muxes : 
	   2 Input     32 Bit        Muxes := 4     
	   2 Input      1 Bit        Muxes := 32    
Module Register__parameterized0 
Detailed RTL Component Info : 
+---Registers : 
	               12 Bit    Registers := 1     
Module Register__parameterized1 
Detailed RTL Component Info : 
+---Registers : 
	              159 Bit    Registers := 1     
Module EXE 
Detailed RTL Component Info : 
+---Adders : 
	   2 Input     32 Bit       Adders := 1     
	   3 Input     32 Bit       Adders := 1     
+---XORs : 
	   2 Input     32 Bit         XORs := 1     
+---Muxes : 
	  20 Input     32 Bit        Muxes := 1     
	  21 Input      5 Bit        Muxes := 1     
	  21 Input      1 Bit        Muxes := 1     
Module Register__parameterized2 
Detailed RTL Component Info : 
+---Registers : 
	              146 Bit    Registers := 1     
Module Memory 
Detailed RTL Component Info : 
+---RAMs : 
	               4K Bit         RAMs := 1     
+---Muxes : 
	   7 Input     32 Bit        Muxes := 1     
	   3 Input     32 Bit        Muxes := 2     
	   2 Input     32 Bit        Muxes := 1     
	   2 Input     16 Bit        Muxes := 1     
	   4 Input      8 Bit        Muxes := 1     
Module led_top 
Detailed RTL Component Info : 
+---Muxes : 
	   4 Input      4 Bit        Muxes := 2     
Module Register__parameterized3 
Detailed RTL Component Info : 
+---Registers : 
	               71 Bit    Registers := 1     
---------------------------------------------------------------------------------
Finished RTL Hierarchical Component Statistics
---------------------------------------------------------------------------------
---------------------------------------------------------------------------------
Start Part Resource Summary
---------------------------------------------------------------------------------
Part Resources:
DSPs: 90 (col length:60)
BRAMs: 100 (col length: RAMB18 60 RAMB36 30)
---------------------------------------------------------------------------------
Finished Part Resource Summary
---------------------------------------------------------------------------------
---------------------------------------------------------------------------------
Start Cross Boundary and Area Optimization
---------------------------------------------------------------------------------
Warning: Parallel synthesis criteria is not met 
WARNING: [Synth 8-3331] design Memory has unconnected port period4_exe_result[31]
WARNING: [Synth 8-3331] design Memory has unconnected port period4_exe_result[30]
WARNING: [Synth 8-3331] design Memory has unconnected port period4_exe_result[29]
WARNING: [Synth 8-3331] design Memory has unconnected port period4_exe_result[28]
WARNING: [Synth 8-3331] design Memory has unconnected port period4_exe_result[27]
WARNING: [Synth 8-3331] design Memory has unconnected port period4_exe_result[26]
WARNING: [Synth 8-3331] design Memory has unconnected port period4_exe_result[25]
INFO: [Common 17-14] Message 'Synth 8-3331' appears 100 times and further instances of the messages will be disabled. Use the Tcl command set_msg_config to change the current settings.
INFO: [Synth 8-6851] RAM (mem_reg) has partial Byte Wide Write Enable pattern, however no output register found in fanout of RAM. Recommended to use supported Byte Wide Write Enable template. 
INFO: [Synth 8-3886] merging instance 'Register_2_2/data_out_reg[96]' (FDRE) to 'Register_2_2/data_out_reg[97]'
INFO: [Synth 8-3886] merging instance 'Register_2_2/data_out_reg[97]' (FDRE) to 'reg_latches_1_1/data_out_reg[31]'
INFO: [Synth 8-3886] merging instance 'Register_3_1/data_out_reg[109]' (FDRE) to 'Register_3_1/data_out_reg[110]'
INFO: [Synth 8-3886] merging instance 'reg_latches_1_1/data_out_reg[4]' (FDRE) to 'reg_latches_1_1/data_out_reg[6]'
INFO: [Synth 8-3886] merging instance 'reg_latches_1_1/data_out_reg[5]' (FDRE) to 'reg_latches_1_1/data_out_reg[31]'
INFO: [Synth 8-3886] merging instance 'reg_latches_1_1/data_out_reg[7]' (FDRE) to 'reg_latches_1_1/data_out_reg[31]'
INFO: [Synth 8-3886] merging instance 'reg_latches_1_1/data_out_reg[8]' (FDRE) to 'reg_latches_1_1/data_out_reg[31]'
INFO: [Synth 8-3886] merging instance 'reg_latches_1_1/data_out_reg[9]' (FDRE) to 'reg_latches_1_1/data_out_reg[31]'
INFO: [Synth 8-3886] merging instance 'reg_latches_1_1/data_out_reg[10]' (FDRE) to 'reg_latches_1_1/data_out_reg[31]'
INFO: [Synth 8-3333] propagating constant 0 across sequential element (led1/i_0/\regN_reg[0] )
INFO: [Synth 8-3886] merging instance 'Register_2_2/data_out_reg[98]' (FDRE) to 'Register_2_2/data_out_reg[128]'
INFO: [Synth 8-3886] merging instance 'Register_2_2/data_out_reg[99]' (FDRE) to 'Register_2_2/data_out_reg[129]'
INFO: [Synth 8-3886] merging instance 'Register_2_2/data_out_reg[100]' (FDRE) to 'Register_2_2/data_out_reg[130]'
INFO: [Synth 8-3886] merging instance 'Register_2_2/data_out_reg[101]' (FDRE) to 'Register_2_2/data_out_reg[131]'
INFO: [Synth 8-3886] merging instance 'Register_2_2/data_out_reg[102]' (FDRE) to 'Register_2_2/data_out_reg[104]'
INFO: [Synth 8-3886] merging instance 'Register_2_2/data_out_reg[103]' (FDRE) to 'Register_2_2/data_out_reg[105]'
INFO: [Synth 8-3886] merging instance 'Register_2_2/data_out_reg[106]' (FDRE) to 'Register_2_2/data_out_reg[105]'
INFO: [Synth 8-3886] merging instance 'Register_2_2/data_out_reg[107]' (FDRE) to 'Register_2_2/data_out_reg[105]'
INFO: [Synth 8-3886] merging instance 'Register_2_2/data_out_reg[108]' (FDRE) to 'Register_2_2/data_out_reg[105]'
INFO: [Synth 8-3886] merging instance 'Register_2_2/data_out_reg[104]' (FDRE) to 'Register_2_2/data_out_reg[132]'
INFO: [Synth 8-3886] merging instance 'Register_2_2/data_out_reg[105]' (FDRE) to 'Register_2_2/data_out_reg[133]'
INFO: [Synth 8-3886] merging instance 'Register_2_2/data_out_reg[132]' (FDRE) to 'Register_2_2/data_out_reg[134]'
INFO: [Synth 8-3886] merging instance 'Register_2_2/data_out_reg[133]' (FDRE) to 'Register_2_2/data_out_reg[135]'
INFO: [Synth 8-3886] merging instance 'Register_2_2/data_out_reg[135]' (FDRE) to 'Register_2_2/data_out_reg[136]'
INFO: [Synth 8-3886] merging instance 'Register_2_2/data_out_reg[136]' (FDRE) to 'Register_2_2/data_out_reg[137]'
INFO: [Synth 8-3886] merging instance 'Register_2_2/data_out_reg[137]' (FDRE) to 'Register_2_2/data_out_reg[138]'
INFO: [Synth 8-3886] merging instance 'Register_2_2/data_out_reg[109]' (FDRE) to 'Register_2_2/data_out_reg[139]'
INFO: [Synth 8-3886] merging instance 'Register_2_2/data_out_reg[110]' (FDRE) to 'Register_2_2/data_out_reg[140]'
INFO: [Synth 8-3886] merging instance 'Register_2_2/data_out_reg[111]' (FDRE) to 'Register_2_2/data_out_reg[141]'
INFO: [Synth 8-3886] merging instance 'Register_2_2/data_out_reg[112]' (FDRE) to 'Register_2_2/data_out_reg[142]'
INFO: [Synth 8-3886] merging instance 'Register_2_2/data_out_reg[113]' (FDRE) to 'Register_2_2/data_out_reg[143]'
INFO: [Synth 8-3333] propagating constant 0 across sequential element (led1/i_0/\regN_reg[1] )
INFO: [Synth 8-3333] propagating constant 0 across sequential element (led1/i_0/\regN_reg[2] )
INFO: [Synth 8-3333] propagating constant 0 across sequential element (led1/i_0/\regN_reg[3] )
INFO: [Synth 8-3333] propagating constant 0 across sequential element (led1/i_0/\regN_reg[4] )
INFO: [Synth 8-3333] propagating constant 0 across sequential element (led1/i_0/\regN_reg[5] )
INFO: [Synth 8-3333] propagating constant 0 across sequential element (led1/i_0/\regN_reg[6] )
INFO: [Synth 8-3333] propagating constant 0 across sequential element (led1/i_0/\regN_reg[7] )
INFO: [Synth 8-3333] propagating constant 0 across sequential element (led1/i_0/\regN_reg[8] )
INFO: [Synth 8-3333] propagating constant 0 across sequential element (led1/i_0/\regN_reg[9] )
INFO: [Synth 8-3333] propagating constant 0 across sequential element (led1/i_0/\regN_reg[10] )
INFO: [Synth 8-3333] propagating constant 0 across sequential element (led1/i_0/\regN_reg[11] )
INFO: [Synth 8-3333] propagating constant 0 across sequential element (led1/i_0/\regN_reg[12] )
INFO: [Synth 8-3333] propagating constant 0 across sequential element (led1/i_0/\regN_reg[13] )
INFO: [Synth 8-3333] propagating constant 0 across sequential element (led1/i_0/\regN_reg[14] )
INFO: [Synth 8-3333] propagating constant 0 across sequential element (led1/i_0/\regN_reg[15] )
INFO: [Synth 8-3886] merging instance 'Register_3_1/data_out_reg[115]' (FDRE) to 'Register_3_1/data_out_reg[117]'
INFO: [Synth 8-3886] merging instance 'Register_3_1/data_out_reg[121]' (FDRE) to 'Register_3_1/data_out_reg[116]'
INFO: [Synth 8-3886] merging instance 'Register_3_1/data_out_reg[120]' (FDRE) to 'Register_3_1/data_out_reg[116]'
INFO: [Synth 8-3886] merging instance 'Register_3_1/data_out_reg[119]' (FDRE) to 'Register_3_1/data_out_reg[116]'
INFO: [Synth 8-3886] merging instance 'Register_3_1/data_out_reg[116]' (FDRE) to 'Register_3_1/data_out_reg[118]'
INFO: [Synth 8-3886] merging instance 'Register_2_2/data_out_reg[122]' (FDRE) to 'Register_2_2/data_out_reg[147]'
INFO: [Synth 8-3886] merging instance 'reg_latches_1_1/data_out_reg[14]' (FDRE) to 'reg_latches_1_1/data_out_reg[12]'
INFO: [Synth 8-3886] merging instance 'Register_2_2/data_out_reg[123]' (FDRE) to 'Register_2_2/data_out_reg[148]'
INFO: [Synth 8-3886] merging instance 'reg_latches_1_1/data_out_reg[20]' (FDRE) to 'reg_latches_1_1/data_out_reg[31]'
INFO: [Synth 8-3886] merging instance 'reg_latches_1_1/data_out_reg[15]' (FDRE) to 'reg_latches_1_1/data_out_reg[31]'
INFO: [Synth 8-3886] merging instance 'reg_latches_1_1/data_out_reg[25]' (FDRE) to 'reg_latches_1_1/data_out_reg[31]'
INFO: [Synth 8-3886] merging instance 'Register_2_2/data_out_reg[119]' (FDRE) to 'Register_2_2/data_out_reg[144]'
INFO: [Synth 8-3886] merging instance 'reg_latches_1_1/data_out_reg[11]' (FDRE) to 'reg_latches_1_1/data_out_reg[12]'
INFO: [Synth 8-3886] merging instance 'Register_2_2/data_out_reg[120]' (FDRE) to 'Register_2_2/data_out_reg[145]'
INFO: [Synth 8-3886] merging instance 'Register_2_2/data_out_reg[121]' (FDRE) to 'Register_2_2/data_out_reg[146]'
INFO: [Synth 8-3886] merging instance 'reg_latches_1_1/data_out_reg[13]' (FDRE) to 'reg_latches_1_1/data_out_reg[31]'
INFO: [Synth 8-3333] propagating constant 0 across sequential element (led1/i_0/\regN_reg[16] )
INFO: [Synth 8-3333] propagating constant 0 across sequential element (led1/i_0/\regN_reg[17] )
INFO: [Synth 8-3333] propagating constant 0 across sequential element (\reg_latches_1_1/data_out_reg[31] )
INFO: [Synth 8-3886] merging instance 'Register_2_2/data_out_reg[139]' (FDRE) to 'Register_2_2/data_out_reg[140]'
INFO: [Synth 8-3886] merging instance 'Register_2_2/data_out_reg[140]' (FDRE) to 'Register_2_2/data_out_reg[142]'
INFO: [Synth 8-3886] merging instance 'Register_3_1/data_out_reg[135]' (FDRE) to 'Register_3_1/data_out_reg[144]'
INFO: [Synth 8-3886] merging instance 'Register_3_1/data_out_reg[136]' (FDRE) to 'Register_3_1/data_out_reg[145]'
INFO: [Synth 8-3886] merging instance 'Register_3_1/data_out_reg[126]' (FDRE) to 'Register_3_1/data_out_reg[145]'
INFO: [Synth 8-3886] merging instance 'Register_3_1/data_out_reg[124]' (FDRE) to 'Register_3_1/data_out_reg[145]'
INFO: [Synth 8-3886] merging instance 'Register_3_1/data_out_reg[118]' (FDRE) to 'Register_3_1/data_out_reg[145]'
INFO: [Synth 8-3886] merging instance 'Register_3_1/data_out_reg[110]' (FDRE) to 'Register_3_1/data_out_reg[145]'
INFO: [Synth 8-3886] merging instance 'Register_3_1/data_out_reg[76]' (FDRE) to 'Register_3_1/data_out_reg[145]'
INFO: [Synth 8-3333] propagating constant 0 across sequential element (\Register_3_1/data_out_reg[145] )
INFO: [Synth 8-3886] merging instance 'Register_3_1/data_out_reg[132]' (FDRE) to 'Register_3_1/data_out_reg[141]'
INFO: [Synth 8-3886] merging instance 'Register_3_1/data_out_reg[133]' (FDRE) to 'Register_3_1/data_out_reg[142]'
INFO: [Synth 8-3886] merging instance 'Register_3_1/data_out_reg[134]' (FDRE) to 'Register_3_1/data_out_reg[143]'
---------------------------------------------------------------------------------
Finished Cross Boundary and Area Optimization : Time (s): cpu = 00:00:13 ; elapsed = 00:00:13 . Memory (MB): peak = 982.582 ; gain = 367.051
---------------------------------------------------------------------------------
---------------------------------------------------------------------------------
Start ROM, RAM, DSP and Shift Register Reporting
---------------------------------------------------------------------------------

Distributed RAM: Preliminary Mapping  Report (see note below)
+------------+------------+-----------+----------------------+------------------+
|Module Name | RTL Object | Inference | Size (Depth x Width) | Primitives       | 
+------------+------------+-----------+----------------------+------------------+
|Memory1     | mem_reg    | Implied   | 128 x 32             | RAM128X1S x 32   | 
+------------+------------+-----------+----------------------+------------------+

Note: The table above is a preliminary report that shows the Distributed RAMs at the current stage of the synthesis flow. Some Distributed RAMs may be reimplemented as non Distributed RAM primitives later in the synthesis flow. Multiple instantiated RAMs are reported only once.
---------------------------------------------------------------------------------
Finished ROM, RAM, DSP and Shift Register Reporting
---------------------------------------------------------------------------------

Report RTL Partitions: 
+-+--------------+------------+----------+
| |RTL Partition |Replication |Instances |
+-+--------------+------------+----------+
+-+--------------+------------+----------+
---------------------------------------------------------------------------------
Start Applying XDC Timing Constraints
---------------------------------------------------------------------------------
---------------------------------------------------------------------------------
Finished Applying XDC Timing Constraints : Time (s): cpu = 00:00:17 ; elapsed = 00:00:17 . Memory (MB): peak = 982.582 ; gain = 367.051
---------------------------------------------------------------------------------
---------------------------------------------------------------------------------
Start Timing Optimization
---------------------------------------------------------------------------------
---------------------------------------------------------------------------------
Finished Timing Optimization : Time (s): cpu = 00:00:17 ; elapsed = 00:00:18 . Memory (MB): peak = 982.582 ; gain = 367.051
---------------------------------------------------------------------------------
---------------------------------------------------------------------------------
Start ROM, RAM, DSP and Shift Register Reporting
---------------------------------------------------------------------------------

Distributed RAM: Final Mapping  Report
+------------+------------+-----------+----------------------+------------------+
|Module Name | RTL Object | Inference | Size (Depth x Width) | Primitives       | 
+------------+------------+-----------+----------------------+------------------+
|Memory1     | mem_reg    | Implied   | 128 x 32             | RAM128X1S x 32   | 
+------------+------------+-----------+----------------------+------------------+

---------------------------------------------------------------------------------
Finished ROM, RAM, DSP and Shift Register Reporting
---------------------------------------------------------------------------------

Report RTL Partitions: 
+-+--------------+------------+----------+
| |RTL Partition |Replication |Instances |
+-+--------------+------------+----------+
+-+--------------+------------+----------+
---------------------------------------------------------------------------------
Start Technology Mapping
---------------------------------------------------------------------------------
INFO: [Synth 8-3333] propagating constant 0 across sequential element (\Regfile1/Reg_reg[0][19] )
INFO: [Synth 8-3333] propagating constant 0 across sequential element (\Regfile1/Reg_reg[0][11] )
INFO: [Synth 8-3333] propagating constant 0 across sequential element (\Regfile1/Reg_reg[0][27] )
INFO: [Synth 8-3333] propagating constant 0 across sequential element (\Regfile1/Reg_reg[0][23] )
INFO: [Synth 8-3333] propagating constant 0 across sequential element (\Regfile1/Reg_reg[0][15] )
INFO: [Synth 8-3333] propagating constant 0 across sequential element (\Regfile1/Reg_reg[0][31] )
INFO: [Synth 8-3333] propagating constant 0 across sequential element (\Regfile1/Reg_reg[0][5] )
INFO: [Synth 8-3333] propagating constant 0 across sequential element (\Regfile1/Reg_reg[0][21] )
INFO: [Synth 8-3333] propagating constant 0 across sequential element (\Regfile1/Reg_reg[0][13] )
INFO: [Synth 8-3333] propagating constant 0 across sequential element (\Regfile1/Reg_reg[0][29] )
INFO: [Synth 8-3333] propagating constant 0 across sequential element (\Regfile1/Reg_reg[0][25] )
INFO: [Synth 8-3333] propagating constant 0 across sequential element (\Regfile1/Reg_reg[0][17] )
INFO: [Synth 8-3333] propagating constant 0 across sequential element (\Regfile1/Reg_reg[0][20] )
INFO: [Synth 8-3333] propagating constant 0 across sequential element (\Regfile1/Reg_reg[0][12] )
INFO: [Synth 8-3333] propagating constant 0 across sequential element (\Regfile1/Reg_reg[0][28] )
INFO: [Synth 8-3333] propagating constant 0 across sequential element (\Regfile1/Reg_reg[0][8] )
INFO: [Synth 8-3333] propagating constant 0 across sequential element (\Regfile1/Reg_reg[0][24] )
INFO: [Synth 8-3333] propagating constant 0 across sequential element (\Regfile1/Reg_reg[0][16] )
INFO: [Synth 8-3333] propagating constant 0 across sequential element (\Regfile1/Reg_reg[0][6] )
INFO: [Synth 8-3333] propagating constant 0 across sequential element (\Regfile1/Reg_reg[0][22] )
INFO: [Synth 8-3333] propagating constant 0 across sequential element (\Regfile1/Reg_reg[0][14] )
INFO: [Synth 8-3333] propagating constant 0 across sequential element (\Regfile1/Reg_reg[0][30] )
INFO: [Synth 8-3333] propagating constant 0 across sequential element (\Regfile1/Reg_reg[0][10] )
INFO: [Synth 8-3333] propagating constant 0 across sequential element (\Regfile1/Reg_reg[0][26] )
INFO: [Synth 8-3333] propagating constant 0 across sequential element (\Regfile1/Reg_reg[0][18] )
INFO: [Synth 8-3333] propagating constant 0 across sequential element (\Regfile1/Reg_reg[0][7] )
INFO: [Synth 8-3333] propagating constant 0 across sequential element (\Regfile1/Reg_reg[0][9] )
INFO: [Synth 8-3333] propagating constant 0 across sequential element (\Regfile1/Reg_reg[0][4] )
INFO: [Synth 8-3333] propagating constant 0 across sequential element (\Regfile1/Reg_reg[0][2] )
INFO: [Synth 8-3333] propagating constant 0 across sequential element (\Regfile1/Reg_reg[0][1] )
INFO: [Synth 8-3333] propagating constant 0 across sequential element (\Regfile1/Reg_reg[0][0] )
INFO: [Synth 8-3333] propagating constant 0 across sequential element (\Regfile1/Reg_reg[0][3] )
---------------------------------------------------------------------------------
Finished Technology Mapping : Time (s): cpu = 00:00:18 ; elapsed = 00:00:18 . Memory (MB): peak = 1016.160 ; gain = 400.629
---------------------------------------------------------------------------------

Report RTL Partitions: 
+-+--------------+------------+----------+
| |RTL Partition |Replication |Instances |
+-+--------------+------------+----------+
+-+--------------+------------+----------+
---------------------------------------------------------------------------------
Start IO Insertion
---------------------------------------------------------------------------------
---------------------------------------------------------------------------------
Start Flattening Before IO Insertion
---------------------------------------------------------------------------------
---------------------------------------------------------------------------------
Finished Flattening Before IO Insertion
---------------------------------------------------------------------------------
---------------------------------------------------------------------------------
Start Final Netlist Cleanup
---------------------------------------------------------------------------------
---------------------------------------------------------------------------------
Finished Final Netlist Cleanup
---------------------------------------------------------------------------------
---------------------------------------------------------------------------------
Finished IO Insertion : Time (s): cpu = 00:00:19 ; elapsed = 00:00:19 . Memory (MB): peak = 1031.023 ; gain = 415.492
---------------------------------------------------------------------------------

Report Check Netlist: 
+------+------------------+-------+---------+-------+------------------+
|      |Item              |Errors |Warnings |Status |Description       |
+------+------------------+-------+---------+-------+------------------+
|1     |multi_driven_nets |      0|        0|Passed |Multi driven nets |
+------+------------------+-------+---------+-------+------------------+
---------------------------------------------------------------------------------
Start Renaming Generated Instances
---------------------------------------------------------------------------------
---------------------------------------------------------------------------------
Finished Renaming Generated Instances : Time (s): cpu = 00:00:19 ; elapsed = 00:00:19 . Memory (MB): peak = 1031.023 ; gain = 415.492
---------------------------------------------------------------------------------

Report RTL Partitions: 
+-+--------------+------------+----------+
| |RTL Partition |Replication |Instances |
+-+--------------+------------+----------+
+-+--------------+------------+----------+
---------------------------------------------------------------------------------
Start Rebuilding User Hierarchy
---------------------------------------------------------------------------------
---------------------------------------------------------------------------------
Finished Rebuilding User Hierarchy : Time (s): cpu = 00:00:19 ; elapsed = 00:00:19 . Memory (MB): peak = 1031.023 ; gain = 415.492
---------------------------------------------------------------------------------
---------------------------------------------------------------------------------
Start Renaming Generated Ports
---------------------------------------------------------------------------------
---------------------------------------------------------------------------------
Finished Renaming Generated Ports : Time (s): cpu = 00:00:19 ; elapsed = 00:00:19 . Memory (MB): peak = 1031.023 ; gain = 415.492
---------------------------------------------------------------------------------
---------------------------------------------------------------------------------
Start Handling Custom Attributes
---------------------------------------------------------------------------------
---------------------------------------------------------------------------------
Finished Handling Custom Attributes : Time (s): cpu = 00:00:19 ; elapsed = 00:00:19 . Memory (MB): peak = 1031.023 ; gain = 415.492
---------------------------------------------------------------------------------
---------------------------------------------------------------------------------
Start Renaming Generated Nets
---------------------------------------------------------------------------------
---------------------------------------------------------------------------------
Finished Renaming Generated Nets : Time (s): cpu = 00:00:19 ; elapsed = 00:00:19 . Memory (MB): peak = 1031.023 ; gain = 415.492
---------------------------------------------------------------------------------
---------------------------------------------------------------------------------
Start Writing Synthesis Report
---------------------------------------------------------------------------------

Report BlackBoxes: 
+-+--------------+----------+
| |BlackBox name |Instances |
+-+--------------+----------+
+-+--------------+----------+

Report Cell Usage: 
+------+----------+------+
|      |Cell      |Count |
+------+----------+------+
|1     |BUFG      |     3|
|2     |CARRY4    |    36|
|3     |LUT1      |     2|
|4     |LUT2      |    75|
|5     |LUT3      |    59|
|6     |LUT4      |   177|
|7     |LUT5      |   200|
|8     |LUT6      |   619|
|9     |MUXF7     |   128|
|10    |RAM128X1S |    32|
|11    |FDCE      |   489|
|12    |FDRE      |   294|
|13    |LD        |    66|
|14    |IBUF      |     2|
|15    |OBUF      |    26|
+------+----------+------+

Report Instance Areas: 
+------+------------------+-------------------------+------+
|      |Instance          |Module                   |Cells |
+------+------------------+-------------------------+------+
|1     |top               |                         |  2208|
|2     |  Regfile1        |Regfile                  |   864|
|3     |  EXE1            |EXE                      |    32|
|4     |  Memory1         |Memory                   |    72|
|5     |  PC1             |PC                       |    34|
|6     |  Register_2_1    |Register__parameterized0 |   131|
|7     |  Register_2_2    |Register__parameterized1 |   564|
|8     |  Register_3_1    |Register__parameterized2 |   200|
|9     |  Register_4_1    |Register__parameterized3 |   139|
|10    |  led1            |led_top                  |     7|
|11    |  reg_latches_1_1 |Register                 |   132|
+------+------------------+-------------------------+------+
---------------------------------------------------------------------------------
Finished Writing Synthesis Report : Time (s): cpu = 00:00:19 ; elapsed = 00:00:19 . Memory (MB): peak = 1031.023 ; gain = 415.492
---------------------------------------------------------------------------------
Synthesis finished with 0 errors, 0 critical warnings and 68 warnings.
Synthesis Optimization Runtime : Time (s): cpu = 00:00:14 ; elapsed = 00:00:18 . Memory (MB): peak = 1031.023 ; gain = 272.258
Synthesis Optimization Complete : Time (s): cpu = 00:00:19 ; elapsed = 00:00:19 . Memory (MB): peak = 1031.023 ; gain = 415.492
INFO: [Project 1-571] Translating synthesized netlist
INFO: [Netlist 29-17] Analyzing 262 Unisim elements for replacement
INFO: [Netlist 29-28] Unisim Transformation completed in 0 CPU seconds
INFO: [Project 1-570] Preparing netlist for logic optimization
INFO: [Opt 31-138] Pushed 0 inverter(s) to 0 load pin(s).
Netlist sorting complete. Time (s): cpu = 00:00:00 ; elapsed = 00:00:00 . Memory (MB): peak = 1031.023 ; gain = 0.000
INFO: [Project 1-111] Unisim Transformation Summary:
  A total of 98 instances were transformed.
  LD => LDCE: 66 instances
  RAM128X1S => RAM128X1S (MUXF7, RAMS64E, RAMS64E): 32 instances

INFO: [Common 17-83] Releasing license: Synthesis
160 Infos, 114 Warnings, 5 Critical Warnings and 0 Errors encountered.
synth_design completed successfully
synth_design: Time (s): cpu = 00:00:23 ; elapsed = 00:00:24 . Memory (MB): peak = 1031.023 ; gain = 676.633
Netlist sorting complete. Time (s): cpu = 00:00:00 ; elapsed = 00:00:00 . Memory (MB): peak = 1031.023 ; gain = 0.000
WARNING: [Constraints 18-5210] No constraints selected for write.
Resolution: This message can indicate that there are no constraints for the design, or it can indicate that the used_in flags are set such that the constraints are ignored. This later case is used when running synth_design to not write synthesis constraints to the resulting checkpoint. Instead, project constraints are read when the synthesized design is opened.
INFO: [Common 17-1381] The checkpoint 'F:/Grade3_1/cpu/cpu/project/cpuu/cpupro/cpupro.runs/synth_1/cpu.dcp' has been generated.
INFO: [runtcl-4] Executing : report_utilization -file cpu_utilization_synth.rpt -pb cpu_utilization_synth.pb
INFO: [Common 17-206] Exiting Vivado at Thu Jan  4 21:45:41 2024...
